#
# A fatal error has been detected by the Java Runtime Environment:
#
#  EXCEPTION_ACCESS_VIOLATION (0xc0000005) at pc=0x6d0b6b30, pid=5348, tid=4916
#
# JRE version: 6.0_24-b07
# Java VM: Java HotSpot(TM) Client VM (19.1-b02 mixed mode, sharing windows-x86 )
# Problematic frame:
# C  [awt.dll+0xb6b30]
#
# If you would like to submit a bug report, please visit:
#   http://java.sun.com/webapps/bugreport/crash.jsp
# The crash happened outside the Java Virtual Machine in native code.
# See problematic frame for where to report the bug.
#

---------------  T H R E A D  ---------------

Current thread (0x04725c00):  JavaThread "AWT-Windows" daemon [_thread_in_native, id=4916, stack(0x04c30000,0x04c80000)]

siginfo: ExceptionCode=0xc0000005, reading address 0x00000000

Registers:
EAX=0x04c7f8c8, EBX=0x046f8048, ECX=0x000002de, EDX=0x000000c0
ESP=0x04c7f8b0, EBP=0x75811450, ESI=0x00000000, EDI=0x000000c0
EIP=0x6d0b6b30, EFLAGS=0x00010206

Register to memory mapping:

EAX=0x04c7f8c8
0x04c7f8c8 is pointing into the stack for thread: 0x04725c00
"AWT-Windows" daemon prio=6 tid=0x04725c00 nid=0x1334 runnable [0x04c7f000]
   java.lang.Thread.State: RUNNABLE

EBX=0x046f8048
0x046f8048 is pointing to unknown location

ECX=0x000002de
0x000002de is pointing to unknown location

EDX=0x000000c0
0x000000c0 is pointing to unknown location

ESP=0x04c7f8b0
0x04c7f8b0 is pointing into the stack for thread: 0x04725c00
"AWT-Windows" daemon prio=6 tid=0x04725c00 nid=0x1334 runnable [0x04c7f000]
   java.lang.Thread.State: RUNNABLE

EBP=0x75811450
0x75811450 is pointing to unknown location

ESI=0x00000000
0x00000000 is pointing to unknown location

EDI=0x000000c0
0x000000c0 is pointing to unknown location


Top of Stack: (sp=0x04c7f8b0)
0x04c7f8b0:   04c7f8c8 00001000 00000000 021557a8
0x04c7f8c0:   00000001 04c7f8b8 04c7f8bc 6d0ae4fd
0x04c7f8d0:   00000000 00000000 021557a8 6d0ae5ca
0x04c7f8e0:   00000000 021557a8 00000001 6d0ae6ce
0x04c7f8f0:   021557a8 6d063812 020943e8 00000000
0x04c7f900:   6d0b0630 00000001 6d102f58 6d102940
0x04c7f910:   020943e8 6d0b1a32 6d102f50 6d0b1c19
0x04c7f920:   6d09a4b3 00000000 00001334 00000000 

Instructions: (pc=0x6d0b6b30)
0x6d0b6b20:   05 00 20 00 00 50 c1 e2 05 8d 44 24 14 50 8b fa
0x6d0b6b30:   8b 16 57 c1 e1 05 51 56 ff 52 2c 85 c0 0f 8c 93 


Stack: [0x04c30000,0x04c80000],  sp=0x04c7f8b0,  free space=318k
Native frames: (J=compiled Java code, j=interpreted, Vv=VM code, C=native code)
C  [awt.dll+0xb6b30]

Java frames: (J=compiled Java code, j=interpreted, Vv=VM code)
j  sun.awt.windows.WToolkit.eventLoop()V+0
j  sun.awt.windows.WToolkit.run()V+52
j  java.lang.Thread.run()V+11
v  ~StubRoutines::call_stub

---------------  P R O C E S S  ---------------

Java Threads: ( => current thread )
  0x09826c00 JavaThread "Thread-1" daemon [_thread_in_native, id=18576, stack(0x09510000,0x09560000)]
  0x09820c00 JavaThread "jEdit I/O #4" [_thread_blocked, id=9224, stack(0x04e70000,0x04ec0000)]
  0x09820400 JavaThread "jEdit I/O #3" [_thread_blocked, id=8028, stack(0x04de0000,0x04e30000)]
  0x09820000 JavaThread "jEdit I/O #2" [_thread_blocked, id=2520, stack(0x04d50000,0x04da0000)]
  0x0981f800 JavaThread "jEdit I/O #1" [_thread_blocked, id=9084, stack(0x04cc0000,0x04d10000)]
  0x001ca000 JavaThread "DestroyJavaVM" [_thread_blocked, id=5000, stack(0x00230000,0x00280000)]
  0x048a1000 JavaThread "TimerQueue" daemon [_thread_blocked, id=13704, stack(0x099d0000,0x09a20000)]
  0x0481dc00 JavaThread "AWT-EventQueue-0" [_thread_blocked, id=16612, stack(0x09320000,0x09370000)]
=>0x04725c00 JavaThread "AWT-Windows" daemon [_thread_in_native, id=4916, stack(0x04c30000,0x04c80000)]
  0x02150000 JavaThread "AWT-Shutdown" [_thread_blocked, id=15648, stack(0x04ba0000,0x04bf0000)]
  0x0214f800 JavaThread "Java2D Disposer" daemon [_thread_blocked, id=17168, stack(0x049e0000,0x04a30000)]
  0x020ee000 JavaThread "Low Memory Detector" daemon [_thread_blocked, id=15568, stack(0x045e0000,0x04630000)]
  0x020e7400 JavaThread "CompilerThread0" daemon [_thread_blocked, id=9488, stack(0x04550000,0x045a0000)]
  0x020e4400 JavaThread "Attach Listener" daemon [_thread_blocked, id=14372, stack(0x044c0000,0x04510000)]
  0x020e1400 JavaThread "Signal Dispatcher" daemon [_thread_blocked, id=14668, stack(0x04430000,0x04480000)]
  0x020da400 JavaThread "Finalizer" daemon [_thread_blocked, id=10924, stack(0x043a0000,0x043f0000)]
  0x020d9000 JavaThread "Reference Handler" daemon [_thread_blocked, id=6308, stack(0x04310000,0x04360000)]

Other Threads:
  0x0209d000 VMThread [stack: 0x04280000,0x042d0000] [id=6004]
  0x020ffc00 WatcherThread [stack: 0x04670000,0x046c0000] [id=16932]

VM state:not at safepoint (normal execution)

VM Mutex/Monitor currently owned by a thread: None

Heap
 def new generation   total 7296K, used 5700K [0x284f0000, 0x28cd0000, 0x2c4f0000)
  eden space 6528K,  82% used [0x284f0000, 0x28a31b98, 0x28b50000)
  from space 768K,  41% used [0x28b50000, 0x28b9f658, 0x28c10000)
  to   space 768K,   0% used [0x28c10000, 0x28c10000, 0x28cd0000)
 tenured generation   total 16008K, used 11329K [0x2c4f0000, 0x2d492000, 0x344f0000)
   the space 16008K,  70% used [0x2c4f0000, 0x2d0004d0, 0x2d000600, 0x2d492000)
 compacting perm gen  total 12288K, used 6240K [0x344f0000, 0x350f0000, 0x384f0000)
   the space 12288K,  50% used [0x344f0000, 0x34b080c8, 0x34b08200, 0x350f0000)
    ro space 10240K,  51% used [0x384f0000, 0x38a1cf58, 0x38a1d000, 0x38ef0000)
    rw space 12288K,  54% used [0x38ef0000, 0x39588f50, 0x39589000, 0x39af0000)

Dynamic libraries:
0x00400000 - 0x00424000 	C:\Windows\SysWOW64\javaw.exe
0x77490000 - 0x77610000 	C:\Windows\SysWOW64\ntdll.dll
0x75800000 - 0x75900000 	C:\Windows\syswow64\kernel32.dll
0x75ae0000 - 0x75b26000 	C:\Windows\syswow64\KERNELBASE.dll
0x76860000 - 0x76900000 	C:\Windows\syswow64\ADVAPI32.dll
0x76960000 - 0x76a0c000 	C:\Windows\syswow64\msvcrt.dll
0x75ac0000 - 0x75ad9000 	C:\Windows\SysWOW64\sechost.dll
0x75670000 - 0x75760000 	C:\Windows\syswow64\RPCRT4.dll
0x75000000 - 0x75060000 	C:\Windows\syswow64\SspiCli.dll
0x74ff0000 - 0x74ffc000 	C:\Windows\syswow64\CRYPTBASE.dll
0x76f90000 - 0x77090000 	C:\Windows\syswow64\USER32.dll
0x75900000 - 0x75990000 	C:\Windows\syswow64\GDI32.dll
0x77460000 - 0x7746a000 	C:\Windows\syswow64\LPK.dll
0x76cf0000 - 0x76d8d000 	C:\Windows\syswow64\USP10.dll
0x757a0000 - 0x75800000 	C:\Windows\system32\IMM32.DLL
0x759e0000 - 0x75aac000 	C:\Windows\syswow64\MSCTF.dll
0x7c340000 - 0x7c396000 	C:\Program Files (x86)\Java\jre6\bin\msvcr71.dll
0x6d7f0000 - 0x6da96000 	C:\Program Files (x86)\Java\jre6\bin\client\jvm.dll
0x72d30000 - 0x72d62000 	C:\Windows\SysWOW64\WINMM.dll
0x6ceb0000 - 0x6cefb000 	C:\Windows\system32\apphelp.dll
0x6d7a0000 - 0x6d7ac000 	C:\Program Files (x86)\Java\jre6\bin\verify.dll
0x6d320000 - 0x6d33f000 	C:\Program Files (x86)\Java\jre6\bin\java.dll
0x6d280000 - 0x6d288000 	C:\Program Files (x86)\Java\jre6\bin\hpi.dll
0x75b60000 - 0x75b65000 	C:\Windows\syswow64\PSAPI.DLL
0x6d7e0000 - 0x6d7ef000 	C:\Program Files (x86)\Java\jre6\bin\zip.dll
0x6d000000 - 0x6d14a000 	C:\Program Files (x86)\Java\jre6\bin\awt.dll
0x6e480000 - 0x6e4d1000 	C:\Windows\SysWOW64\WINSPOOL.DRV
0x76aa0000 - 0x76bfc000 	C:\Windows\syswow64\ole32.dll
0x74460000 - 0x745fe000 	C:\Windows\WinSxS\x86_microsoft.windows.common-controls_6595b64144ccf1df_6.0.7600.16661_none_420fe3fa2b8113bd\COMCTL32.dll
0x76c90000 - 0x76ce7000 	C:\Windows\syswow64\SHLWAPI.dll
0x735b0000 - 0x735c3000 	C:\Windows\SysWOW64\DWMAPI.DLL
0x73670000 - 0x736f0000 	C:\Windows\system32\uxtheme.dll
0x75b70000 - 0x767b9000 	C:\Windows\syswow64\shell32.dll
0x6d230000 - 0x6d27f000 	C:\Program Files (x86)\Java\jre6\bin\fontmanager.dll
0x73a30000 - 0x73bf3000 	C:\Windows\SysWOW64\d3d9.dll
0x73990000 - 0x73999000 	C:\Windows\SysWOW64\VERSION.dll
0x741d0000 - 0x741d6000 	C:\Windows\SysWOW64\d3d8thk.dll
0x67e50000 - 0x67e59000 	C:\Windows\SysWOW64\atiu9pag.dll
0x67aa0000 - 0x67e46000 	C:\Windows\SysWOW64\atiumdag.dll
0x677a0000 - 0x67a99000 	C:\Windows\SysWOW64\atiumdva.dll
0x6d600000 - 0x6d613000 	C:\Program Files (x86)\Java\jre6\bin\net.dll
0x75760000 - 0x75795000 	C:\Windows\syswow64\WS2_32.dll
0x75ab0000 - 0x75ab6000 	C:\Windows\syswow64\NSI.dll
0x738f0000 - 0x7392c000 	C:\Windows\system32\mswsock.dll
0x6d7c0000 - 0x6d7c6000 	C:\Windows\System32\wship6.dll
0x6d620000 - 0x6d629000 	C:\Program Files (x86)\Java\jre6\bin\nio.dll
0x738e0000 - 0x738e5000 	C:\Windows\System32\wshtcpip.dll
0x752a0000 - 0x75323000 	C:\Windows\syswow64\CLBCatQ.DLL
0x76a10000 - 0x76a9f000 	C:\Windows\syswow64\OLEAUT32.dll
0x739e0000 - 0x739f6000 	C:\Windows\SysWOW64\CRYPTSP.dll
0x739a0000 - 0x739db000 	C:\Windows\system32\rsaenh.dll
0x71a30000 - 0x71a3e000 	C:\Windows\SysWOW64\RpcRtRemote.dll
0x75330000 - 0x754cd000 	C:\Windows\syswow64\SETUPAPI.dll
0x76830000 - 0x76857000 	C:\Windows\syswow64\CFGMGR32.dll
0x767c0000 - 0x767d2000 	C:\Windows\syswow64\DEVOBJ.dll
0x651d0000 - 0x65368000 	C:\Windows\system32\NetworkExplorer.dll
0x734a0000 - 0x73595000 	C:\Windows\system32\PROPSYS.dll
0x73930000 - 0x73951000 	C:\Windows\SysWOW64\ntmarta.dll
0x767e0000 - 0x76825000 	C:\Windows\syswow64\WLDAP32.dll
0x73fa0000 - 0x73fce000 	C:\Windows\System32\shdocvw.dll
0x74310000 - 0x7431b000 	C:\Windows\SysWOW64\profapi.dll
0x69780000 - 0x6978a000 	C:\Windows\SysWOW64\slc.dll

VM Arguments:
jvm_args: -Xmx192M 
java_command: C:\Program Files\jEdit\jedit.jar -reuseview C:\Vegetarian_Space_Armada\app\views\application\index.html.haml
Launcher Type: SUN_STANDARD

Environment Variables:
CLASSPATH=.;C:\Users\Amanreet\j3d\lib\ext\j3dcore.jar;C:\Users\Amanreet\j3d\lib\ext\j3dutils.jar;C:\Users\Amanreet\j3d\lib\ext\vecmath.jar;
PATH=C:\Program Files (x86)\PC Connectivity Solution\;C:\Program Files\Common Files\Microsoft Shared\Windows Live;C:\Program Files (x86)\Common Files\Microsoft Shared\Windows Live;C:\Windows\system32;C:\Windows;C:\Windows\System32\Wbem;C:\Windows\System32\WindowsPowerShell\v1.0\;C:\Program Files (x86)\ATI Technologies\ATI.ACE\Core-Static;C:\Program Files\Broadcom\Broadcom 802.11\Driver;C:\Program Files (x86)\Common Files\Roxio Shared\DLLShared\;C:\Program Files (x86)\Common Files\Roxio Shared\DLLShared\;C:\Program Files (x86)\Common Files\Roxio Shared\12.0\DLLShared\;C:\Program Files (x86)\Hewlett-Packard\HP SimplePass Identity Protection\x64;C:\Program Files (x86)\Hewlett-Packard\HP SimplePass Identity Protection\;C:\Program Files (x86)\Windows Live\Shared;C:\Program Files\jEdit;C:\mysql\bin;C:\Program Files\MySQL\MySQL Server 5.5\bin;C:\RailsInstaller\Git\cmd;C:\RailsInstaller\Ruby1.8.7\bin;C:\Program Files (x86)\SSH Communications Security\SSH Secure Shell;C:\Windows;C:\Users\Amanreet\java3d\bin;
USERNAME=Amanreet
OS=Windows_NT
PROCESSOR_IDENTIFIER=Intel64 Family 6 Model 37 Stepping 5, GenuineIntel



---------------  S Y S T E M  ---------------

OS: Windows 7 Build 7600 

CPU:total 4 (2 cores per cpu, 2 threads per core) family 6 model 37 stepping 5, cmov, cx8, fxsr, mmx, sse, sse2, sse3, ssse3, sse4.1, sse4.2, popcnt, ht

Memory: 4k page, physical 8181616k(3647312k free), swap 16361336k(10901260k free)

vm_info: Java HotSpot(TM) Client VM (19.1-b02) for windows-x86 JRE (1.6.0_24-b07), built on Feb  2 2011 17:44:41 by "java_re" with MS VC++ 7.1 (VS2003)

time: Fri Apr 22 17:43:54 2011
elapsed time: 65301 seconds

